# JRE version: OpenJDK Runtime Environment (8.0_112-b06) (build 1.8.0_112-release-b06)
# Java VM: OpenJDK 64-Bit Server VM (25.112-b06 mixed mode windows-amd64 compressed oops)
Heap:
 PSYoungGen      total 410624K, used 36589K [0x00000000e0000000, 0x00000000fe080000, 0x0000000100000000)
  eden space 333312K, 0% used [0x00000000e0000000,0x00000000e0000000,0x00000000f4580000)
  from space 77312K, 47% used [0x00000000f9500000,0x00000000fb8bb648,0x00000000fe080000)
  to   space 79360K, 0% used [0x00000000f4580000,0x00000000f4580000,0x00000000f9300000)
 ParOldGen       total 261632K, used 235782K [0x00000000a0000000, 0x00000000aff80000, 0x00000000e0000000)
  object space 261632K, 90% used [0x00000000a0000000,0x00000000ae641ba0,0x00000000aff80000)
 Metaspace       used 79415K, capacity 82812K, committed 83072K, reserved 1122304K
  class space    used 9879K, capacity 10433K, committed 10624K, reserved 1048576K
GC Heap History (10 events):
Event: 12451.696 GC heap after
Heap after GC invocations=54 (full 6):
 PSYoungGen      total 334848K, used 7341K [0x00000000e0000000, 0x00000000f7700000, 0x0000000100000000)
  eden space 297984K, 0% used [0x00000000e0000000,0x00000000e0000000,0x00000000f2300000)
  from space 36864K, 19% used [0x00000000f5300000,0x00000000f5a2b448,0x00000000f7700000)
  to   space 43008K, 0% used [0x00000000f2300000,0x00000000f2300000,0x00000000f4d00000)
 ParOldGen       total 261632K, used 179432K [0x00000000a0000000, 0x00000000aff80000, 0x00000000e0000000)
  object space 261632K, 68% used [0x00000000a0000000,0x00000000aaf3a358,0x00000000aff80000)
 Metaspace       used 79308K, capacity 82708K, committed 83072K, reserved 1122304K
  class space    used 9875K, capacity 10428K, committed 10624K, reserved 1048576K
}
Event: 12468.202 GC heap before
{Heap before GC invocations=55 (full 6):
 PSYoungGen      total 334848K, used 305325K [0x00000000e0000000, 0x00000000f7700000, 0x0000000100000000)
  eden space 297984K, 100% used [0x00000000e0000000,0x00000000f2300000,0x00000000f2300000)
  from space 36864K, 19% used [0x00000000f5300000,0x00000000f5a2b448,0x00000000f7700000)
  to   space 43008K, 0% used [0x00000000f2300000,0x00000000f2300000,0x00000000f4d00000)
 ParOldGen       total 261632K, used 179432K [0x00000000a0000000, 0x00000000aff80000, 0x00000000e0000000)
  object space 261632K, 68% used [0x00000000a0000000,0x00000000aaf3a358,0x00000000aff80000)
 Metaspace       used 79392K, capacity 82806K, committed 83072K, reserved 1122304K
  class space    used 9878K, capacity 10432K, committed 10624K, reserved 1048576K
Event: 12469.178 GC heap after
Heap after GC invocations=55 (full 6):
 PSYoungGen      total 340992K, used 28816K [0x00000000e0000000, 0x00000000f9780000, 0x0000000100000000)
  eden space 297984K, 0% used [0x00000000e0000000,0x00000000e0000000,0x00000000f2300000)
  from space 43008K, 67% used [0x00000000f2300000,0x00000000f3f24148,0x00000000f4d00000)
  to   space 46080K, 0% used [0x00000000f6a80000,0x00000000f6a80000,0x00000000f9780000)
 ParOldGen       total 261632K, used 179440K [0x00000000a0000000, 0x00000000aff80000, 0x00000000e0000000)
  object space 261632K, 68% used [0x00000000a0000000,0x00000000aaf3c358,0x00000000aff80000)
 Metaspace       used 79392K, capacity 82806K, committed 83072K, reserved 1122304K
  class space    used 9878K, capacity 10432K, committed 10624K, reserved 1048576K
}
Event: 12473.358 GC heap before
{Heap before GC invocations=56 (full 6):
 PSYoungGen      total 340992K, used 326800K [0x00000000e0000000, 0x00000000f9780000, 0x0000000100000000)
  eden space 297984K, 100% used [0x00000000e0000000,0x00000000f2300000,0x00000000f2300000)
  from space 43008K, 67% used [0x00000000f2300000,0x00000000f3f24148,0x00000000f4d00000)
  to   space 46080K, 0% used [0x00000000f6a80000,0x00000000f6a80000,0x00000000f9780000)
 ParOldGen       total 261632K, used 179440K [0x00000000a0000000, 0x00000000aff80000, 0x00000000e0000000)
  object space 261632K, 68% used [0x00000000a0000000,0x00000000aaf3c358,0x00000000aff80000)
 Metaspace       used 79397K, capacity 82806K, committed 83072K, reserved 1122304K
  class space    used 9878K, capacity 10432K, committed 10624K, reserved 1048576K
Event: 12473.458 GC heap after
Heap after GC invocations=56 (full 6):
 PSYoungGen      total 354304K, used 46070K [0x00000000e0000000, 0x00000000fb700000, 0x0000000100000000)
  eden space 308224K, 0% used [0x00000000e0000000,0x00000000e0000000,0x00000000f2d00000)
  from space 46080K, 99% used [0x00000000f6a80000,0x00000000f977dad8,0x00000000f9780000)
  to   space 62976K, 0% used [0x00000000f2d00000,0x00000000f2d00000,0x00000000f6a80000)
 ParOldGen       total 261632K, used 202146K [0x00000000a0000000, 0x00000000aff80000, 0x00000000e0000000)
  object space 261632K, 77% used [0x00000000a0000000,0x00000000ac568af0,0x00000000aff80000)
 Metaspace       used 79397K, capacity 82806K, committed 83072K, reserved 1122304K
  class space    used 9878K, capacity 10432K, committed 10624K, reserved 1048576K
}
Event: 12477.756 GC heap before
{Heap before GC invocations=57 (full 6):
 PSYoungGen      total 354304K, used 354294K [0x00000000e0000000, 0x00000000fb700000, 0x0000000100000000)
  eden space 308224K, 100% used [0x00000000e0000000,0x00000000f2d00000,0x00000000f2d00000)
  from space 46080K, 99% used [0x00000000f6a80000,0x00000000f977dad8,0x00000000f9780000)
  to   space 62976K, 0% used [0x00000000f2d00000,0x00000000f2d00000,0x00000000f6a80000)
 ParOldGen       total 261632K, used 202146K [0x00000000a0000000, 0x00000000aff80000, 0x00000000e0000000)
  object space 261632K, 77% used [0x00000000a0000000,0x00000000ac568af0,0x00000000aff80000)
 Metaspace       used 79398K, capacity 82806K, committed 83072K, reserved 1122304K
  class space    used 9878K, capacity 10432K, committed 10624K, reserved 1048576K
Event: 12477.879 GC heap after
Heap after GC invocations=57 (full 6):
 PSYoungGen      total 371200K, used 62960K [0x00000000e0000000, 0x00000000fe400000, 0x0000000100000000)
  eden space 308224K, 0% used [0x00000000e0000000,0x00000000e0000000,0x00000000f2d00000)
  from space 62976K, 99% used [0x00000000f2d00000,0x00000000f6a7c028,0x00000000f6a80000)
  to   space 80896K, 0% used [0x00000000f9500000,0x00000000f9500000,0x00000000fe400000)
 ParOldGen       total 261632K, used 220065K [0x00000000a0000000, 0x00000000aff80000, 0x00000000e0000000)
  object space 261632K, 84% used [0x00000000a0000000,0x00000000ad6e8620,0x00000000aff80000)
 Metaspace       used 79398K, capacity 82806K, committed 83072K, reserved 1122304K
  class space    used 9878K, capacity 10432K, committed 10624K, reserved 1048576K
}
Event: 12483.251 GC heap before
{Heap before GC invocations=58 (full 6):
 PSYoungGen      total 371200K, used 370759K [0x00000000e0000000, 0x00000000fe400000, 0x0000000100000000)
  eden space 308224K, 99% used [0x00000000e0000000,0x00000000f2c95d80,0x00000000f2d00000)
  from space 62976K, 99% used [0x00000000f2d00000,0x00000000f6a7c028,0x00000000f6a80000)
  to   space 80896K, 0% used [0x00000000f9500000,0x00000000f9500000,0x00000000fe400000)
 ParOldGen       total 261632K, used 220065K [0x00000000a0000000, 0x00000000aff80000, 0x00000000e0000000)
  object space 261632K, 84% used [0x00000000a0000000,0x00000000ad6e8620,0x00000000aff80000)
 Metaspace       used 79415K, capacity 82812K, committed 83072K, reserved 1122304K
  class space    used 9879K, capacity 10433K, committed 10624K, reserved 1048576K
Event: 12483.410 GC heap after
Heap after GC invocations=58 (full 6):
 PSYoungGen      total 410624K, used 36589K [0x00000000e0000000, 0x00000000fe080000, 0x0000000100000000)
  eden space 333312K, 0% used [0x00000000e0000000,0x00000000e0000000,0x00000000f4580000)
  from space 77312K, 47% used [0x00000000f9500000,0x00000000fb8bb648,0x00000000fe080000)
  to   space 79360K, 0% used [0x00000000f4580000,0x00000000f4580000,0x00000000f9300000)
 ParOldGen       total 261632K, used 235782K [0x00000000a0000000, 0x00000000aff80000, 0x00000000e0000000)
  object space 261632K, 90% used [0x00000000a0000000,0x00000000ae641ba0,0x00000000aff80000)
 Metaspace       used 79415K, capacity 82812K, committed 83072K, reserved 1122304K
  class space    used 9879K, capacity 10433K, committed 10624K, reserved 1048576K
}
Event: 12483.453 GC heap before
{Heap before GC invocations=59 (full 7):
 PSYoungGen      total 410624K, used 36589K [0x00000000e0000000, 0x00000000fe080000, 0x0000000100000000)
  eden space 333312K, 0% used [0x00000000e0000000,0x00000000e0000000,0x00000000f4580000)
  from space 77312K, 47% used [0x00000000f9500000,0x00000000fb8bb648,0x00000000fe080000)
  to   space 79360K, 0% used [0x00000000f4580000,0x00000000f4580000,0x00000000f9300000)
 ParOldGen       total 261632K, used 235782K [0x00000000a0000000, 0x00000000aff80000, 0x00000000e0000000)
  object space 261632K, 90% used [0x00000000a0000000,0x00000000ae641ba0,0x00000000aff80000)
 Metaspace       used 79415K, capacity 82812K, committed 83072K, reserved 1122304K
  class space    used 9879K, capacity 10433K, committed 10624K, reserved 1048576K

